lxc-start template 20201206123722.423 ERROR    cgfsng - cgroups/cgfsng.c:mkdir_eexist_on_last:1143 - File exists - Failed to create directory "/sys/fs/cgroup/cpuset//lxc.monitor.template"
lxc-start template 20201206123722.428 ERROR    cgfsng - cgroups/cgfsng.c:mkdir_eexist_on_last:1143 - File exists - Failed to create directory "/sys/fs/cgroup/cpuset//lxc.payload.template"
lxc-start template 20201206123722.473 ERROR    network - network.c:lxc_ovs_attach_bridge:2387 - Failed to attach "vethZATKoO" to openvswitch bridge "lxc-ovs1": ovs-vsctl: no bridge named lxc-ovs1
lxc-start template 20201206123722.473 ERROR    network - network.c:instantiate_veth:330 - Operation not permitted - Failed to attach "vethZATKoO" to bridge "lxc-ovs1"
lxc-start template 20201206123722.491 ERROR    network - network.c:lxc_create_network_priv:3096 - Operation not permitted - Failed to create network device
lxc-start template 20201206123722.491 ERROR    start - start.c:lxc_spawn:1750 - Failed to create the network
lxc-start template 20201206123722.491 ERROR    lxccontainer - lxccontainer.c:wait_on_daemonized_start:851 - Received container state "ABORTING" instead of "RUNNING"
lxc-start template 20201206123722.491 ERROR    lxc_start - tools/lxc_start.c:main:308 - The container failed to start
lxc-start template 20201206123722.491 ERROR    lxc_start - tools/lxc_start.c:main:311 - To get more details, run the container in foreground mode
lxc-start template 20201206123722.491 ERROR    lxc_start - tools/lxc_start.c:main:313 - Additional information can be obtained by setting the --logfile and --logpriority options
lxc-start template 20201206123722.492 ERROR    start - start.c:__lxc_start:1952 - Failed to spawn container "template"
lxc-start template 20201206123959.543 ERROR    cgfsng - cgroups/cgfsng.c:mkdir_eexist_on_last:1143 - File exists - Failed to create directory "/sys/fs/cgroup/cpuset//lxc.monitor.template"
lxc-start template 20201206123959.549 ERROR    cgfsng - cgroups/cgfsng.c:mkdir_eexist_on_last:1143 - File exists - Failed to create directory "/sys/fs/cgroup/cpuset//lxc.payload.template"
lxc-start template 20201206123959.595 ERROR    network - network.c:lxc_ovs_attach_bridge:2387 - Failed to attach "vethUc7bFd" to openvswitch bridge "lxc-ovs1": ovs-vsctl: no bridge named lxc-ovs1
lxc-start template 20201206123959.595 ERROR    network - network.c:instantiate_veth:330 - Operation not permitted - Failed to attach "vethUc7bFd" to bridge "lxc-ovs1"
lxc-start template 20201206123959.627 ERROR    network - network.c:lxc_create_network_priv:3096 - Operation not permitted - Failed to create network device
lxc-start template 20201206123959.627 ERROR    start - start.c:lxc_spawn:1750 - Failed to create the network
lxc-start template 20201206123959.627 ERROR    lxccontainer - lxccontainer.c:wait_on_daemonized_start:851 - Received container state "ABORTING" instead of "RUNNING"
lxc-start template 20201206123959.627 ERROR    lxc_start - tools/lxc_start.c:main:308 - The container failed to start
lxc-start template 20201206123959.627 ERROR    lxc_start - tools/lxc_start.c:main:311 - To get more details, run the container in foreground mode
lxc-start template 20201206123959.627 ERROR    lxc_start - tools/lxc_start.c:main:313 - Additional information can be obtained by setting the --logfile and --logpriority options
lxc-start template 20201206123959.629 ERROR    start - start.c:__lxc_start:1952 - Failed to spawn container "template"
lxc-start template 20201206124050.931 ERROR    cgfsng - cgroups/cgfsng.c:mkdir_eexist_on_last:1143 - File exists - Failed to create directory "/sys/fs/cgroup/cpuset//lxc.monitor.template"
lxc-start template 20201206124050.938 ERROR    cgfsng - cgroups/cgfsng.c:mkdir_eexist_on_last:1143 - File exists - Failed to create directory "/sys/fs/cgroup/cpuset//lxc.payload.template"
lxc-start template 20201206124051.191 ERROR    conf - conf.c:lxc_setup_boot_id:3249 - Permission denied - Failed to mount /dev/.lxc-boot-id to /proc/sys/kernel/random/boot_id
